2018-05-23 18:27:29,137 [Worker-1] INFO  c.g.t.t.d.PublishedGradleVersions - Gradle version information cache is out-of-date. Trying to update.
2018-05-23 18:30:57,995 [Worker-1] INFO  c.g.t.t.d.PublishedGradleVersions - Gradle version information cache is up-to-date. Trying to read.
2018-05-23 18:40:34,997 [Start Help Server] INFO  org.eclipse.jetty.util.log - Logging initialized @596823ms to org.eclipse.jetty.util.log.Slf4jLog
2018-05-23 18:40:35,209 [Start Help Server] INFO  org.eclipse.jetty.server.Server - jetty-9.4.8.v20171121, build timestamp: 2017-11-21T23:27:37+02:00, git hash: 82b8fb23f757335bb3329d540ce37a2a2615f0a8
2018-05-23 18:40:35,232 [Start Help Server] INFO  org.eclipse.jetty.server.session - DefaultSessionIdManager workerName=node0
2018-05-23 18:40:35,233 [Start Help Server] INFO  org.eclipse.jetty.server.session - No SessionScavenger set, using defaults
2018-05-23 18:40:35,234 [Start Help Server] INFO  org.eclipse.jetty.server.session - Scavenging every 600000ms
2018-05-23 18:40:35,257 [Start Help Server] INFO  o.e.j.server.handler.ContextHandler - Started o.e.j.s.ServletContextHandler@2f83de4b{/help,null,AVAILABLE}
2018-05-23 18:40:35,282 [Start Help Server] INFO  o.e.jetty.server.AbstractConnector - Started ServerConnector@2b7c835d{HTTP/1.1,[http/1.1]}{127.0.0.1:64603}
2018-05-23 18:40:35,282 [Start Help Server] INFO  org.eclipse.jetty.server.Server - Started @597109ms
2018-05-23 18:42:35,476 [qtp1879786548-126] WARN  o.eclipse.jetty.server.HttpChannel - /help/advanced/tabs.jsp
org.apache.jasper.JasperException: org.eclipse.jetty.io.RuntimeIOException: org.eclipse.jetty.io.EofException
	at org.apache.jasper.servlet.JspServletWrapper.service(JspServletWrapper.java:432) ~[na:na]
	at org.apache.jasper.servlet.JspServlet.serviceJspFile(JspServlet.java:492) ~[na:na]
	at org.apache.jasper.servlet.JspServlet.service(JspServlet.java:378) ~[na:na]
	at javax.servlet.http.HttpServlet.service(HttpServlet.java:790) ~[javax.servlet_3.1.0.v201410161800.jar:3.1.0]
	at org.eclipse.equinox.jsp.jasper.JspServlet.service(JspServlet.java:155) ~[na:na]
	at javax.servlet.http.HttpServlet.service(HttpServlet.java:790) ~[javax.servlet_3.1.0.v201410161800.jar:3.1.0]
	at org.eclipse.equinox.http.registry.internal.ServletManager$ServletWrapper.service(ServletManager.java:180) ~[na:na]
	at org.eclipse.equinox.http.servlet.internal.HttpServiceRuntimeImpl$LegacyServlet.service(HttpServiceRuntimeImpl.java:1223) ~[na:na]
	at org.eclipse.equinox.http.servlet.internal.registration.EndpointRegistration.service(EndpointRegistration.java:148) ~[na:na]
	at org.eclipse.equinox.http.servlet.internal.servlet.ResponseStateHandler.processRequest(ResponseStateHandler.java:62) ~[na:na]
	at org.eclipse.equinox.http.servlet.internal.context.DispatchTargets.doDispatch(DispatchTargets.java:131) ~[na:na]
	at org.eclipse.equinox.http.servlet.internal.servlet.ProxyServlet.service(ProxyServlet.java:74) ~[na:na]
	at javax.servlet.http.HttpServlet.service(HttpServlet.java:790) ~[javax.servlet_3.1.0.v201410161800.jar:3.1.0]
	at org.eclipse.equinox.http.jetty.internal.HttpServerManager$InternalHttpServiceServlet.service(HttpServerManager.java:284) ~[na:na]
	at org.eclipse.jetty.servlet.ServletHolder.handle(ServletHolder.java:860) ~[na:na]
	at org.eclipse.jetty.servlet.ServletHandler.doHandle(ServletHandler.java:535) ~[na:na]
	at org.eclipse.jetty.server.handler.ScopedHandler.nextHandle(ScopedHandler.java:188) ~[org.eclipse.jetty.server_9.4.8.v20171121.jar:9.4.8.v20171121]
	at org.eclipse.jetty.server.session.SessionHandler.doHandle(SessionHandler.java:1595) ~[org.eclipse.jetty.server_9.4.8.v20171121.jar:9.4.8.v20171121]
	at org.eclipse.jetty.server.handler.ScopedHandler.nextHandle(ScopedHandler.java:188) ~[org.eclipse.jetty.server_9.4.8.v20171121.jar:9.4.8.v20171121]
	at org.eclipse.jetty.server.handler.ContextHandler.doHandle(ContextHandler.java:1253) ~[org.eclipse.jetty.server_9.4.8.v20171121.jar:9.4.8.v20171121]
	at org.eclipse.jetty.server.handler.ScopedHandler.nextScope(ScopedHandler.java:168) ~[org.eclipse.jetty.server_9.4.8.v20171121.jar:9.4.8.v20171121]
	at org.eclipse.jetty.servlet.ServletHandler.doScope(ServletHandler.java:473) ~[na:na]
	at org.eclipse.jetty.server.session.SessionHandler.doScope(SessionHandler.java:1564) ~[org.eclipse.jetty.server_9.4.8.v20171121.jar:9.4.8.v20171121]
	at org.eclipse.jetty.server.handler.ScopedHandler.nextScope(ScopedHandler.java:166) ~[org.eclipse.jetty.server_9.4.8.v20171121.jar:9.4.8.v20171121]
	at org.eclipse.jetty.server.handler.ContextHandler.doScope(ContextHandler.java:1155) ~[org.eclipse.jetty.server_9.4.8.v20171121.jar:9.4.8.v20171121]
	at org.eclipse.jetty.server.handler.ScopedHandler.handle(ScopedHandler.java:141) ~[org.eclipse.jetty.server_9.4.8.v20171121.jar:9.4.8.v20171121]
	at org.eclipse.jetty.server.handler.HandlerWrapper.handle(HandlerWrapper.java:132) ~[org.eclipse.jetty.server_9.4.8.v20171121.jar:9.4.8.v20171121]
	at org.eclipse.jetty.server.Server.handle(Server.java:530) ~[org.eclipse.jetty.server_9.4.8.v20171121.jar:9.4.8.v20171121]
	at org.eclipse.jetty.server.HttpChannel.handle(HttpChannel.java:347) ~[org.eclipse.jetty.server_9.4.8.v20171121.jar:9.4.8.v20171121]
	at org.eclipse.jetty.server.HttpConnection.onFillable(HttpConnection.java:256) [org.eclipse.jetty.server_9.4.8.v20171121.jar:9.4.8.v20171121]
	at org.eclipse.jetty.io.AbstractConnection$ReadCallback.succeeded(AbstractConnection.java:279) [org.eclipse.jetty.io_9.4.8.v20171121.jar:9.4.8.v20171121]
	at org.eclipse.jetty.io.FillInterest.fillable(FillInterest.java:102) [org.eclipse.jetty.io_9.4.8.v20171121.jar:9.4.8.v20171121]
	at org.eclipse.jetty.io.ChannelEndPoint$2.run(ChannelEndPoint.java:124) [org.eclipse.jetty.io_9.4.8.v20171121.jar:9.4.8.v20171121]
	at org.eclipse.jetty.util.thread.strategy.EatWhatYouKill.doProduce(EatWhatYouKill.java:247) [org.eclipse.jetty.util_9.4.8.v20171121.jar:9.4.8.v20171121]
	at org.eclipse.jetty.util.thread.strategy.EatWhatYouKill.produce(EatWhatYouKill.java:140) [org.eclipse.jetty.util_9.4.8.v20171121.jar:9.4.8.v20171121]
	at org.eclipse.jetty.util.thread.strategy.EatWhatYouKill.run(EatWhatYouKill.java:131) [org.eclipse.jetty.util_9.4.8.v20171121.jar:9.4.8.v20171121]
	at org.eclipse.jetty.util.thread.ReservedThreadExecutor$ReservedThread.run(ReservedThreadExecutor.java:382) [org.eclipse.jetty.util_9.4.8.v20171121.jar:9.4.8.v20171121]
	at org.eclipse.jetty.util.thread.QueuedThreadPool.runJob(QueuedThreadPool.java:708) [org.eclipse.jetty.util_9.4.8.v20171121.jar:9.4.8.v20171121]
	at org.eclipse.jetty.util.thread.QueuedThreadPool$2.run(QueuedThreadPool.java:626) [org.eclipse.jetty.util_9.4.8.v20171121.jar:9.4.8.v20171121]
	at java.lang.Thread.run(Thread.java:745) [na:1.8.0_111]
Caused by: org.eclipse.jetty.io.RuntimeIOException: org.eclipse.jetty.io.EofException
	at org.eclipse.jetty.server.ResponseWriter.isOpen(ResponseWriter.java:133) ~[org.eclipse.jetty.server_9.4.8.v20171121.jar:9.4.8.v20171121]
	at org.eclipse.jetty.server.ResponseWriter.write(ResponseWriter.java:202) ~[org.eclipse.jetty.server_9.4.8.v20171121.jar:9.4.8.v20171121]
	at java.io.PrintWriter.write(PrintWriter.java:426) ~[na:1.8.0_111]
	at org.eclipse.equinox.http.servlet.internal.servlet.HttpServletResponseWrapperImpl$InternalWriter.write(HttpServletResponseWrapperImpl.java:176) ~[na:na]
	at org.apache.jasper.runtime.JspWriterImpl.flushBuffer(JspWriterImpl.java:185) ~[na:na]
	at org.apache.jasper.runtime.PageContextImpl.release(PageContextImpl.java:239) ~[na:na]
	at org.apache.jasper.runtime.JspFactoryImpl.internalReleasePageContext(JspFactoryImpl.java:185) ~[na:na]
	at org.apache.jasper.runtime.JspFactoryImpl.releasePageContext(JspFactoryImpl.java:137) ~[na:na]
	at org.apache.jsp.advanced.tabs_jsp._jspService(org.apache.jsp.advanced.tabs_jsp:448) ~[na:na]
	at org.apache.jasper.runtime.HttpJspBase.service(HttpJspBase.java:111) ~[na:na]
	at javax.servlet.http.HttpServlet.service(HttpServlet.java:790) ~[javax.servlet_3.1.0.v201410161800.jar:3.1.0]
	at org.apache.jasper.servlet.JspServletWrapper.service(JspServletWrapper.java:403) ~[na:na]
	... 39 common frames omitted
Caused by: org.eclipse.jetty.io.EofException: null
	at org.eclipse.jetty.io.ChannelEndPoint.flush(ChannelEndPoint.java:292) ~[org.eclipse.jetty.io_9.4.8.v20171121.jar:9.4.8.v20171121]
	at org.eclipse.jetty.io.WriteFlusher.flush(WriteFlusher.java:429) ~[org.eclipse.jetty.io_9.4.8.v20171121.jar:9.4.8.v20171121]
	at org.eclipse.jetty.io.WriteFlusher.write(WriteFlusher.java:322) ~[org.eclipse.jetty.io_9.4.8.v20171121.jar:9.4.8.v20171121]
	at org.eclipse.jetty.io.AbstractEndPoint.write(AbstractEndPoint.java:372) ~[org.eclipse.jetty.io_9.4.8.v20171121.jar:9.4.8.v20171121]
	at org.eclipse.jetty.server.HttpConnection$SendCallback.process(HttpConnection.java:788) ~[org.eclipse.jetty.server_9.4.8.v20171121.jar:9.4.8.v20171121]
	at org.eclipse.jetty.util.IteratingCallback.processing(IteratingCallback.java:241) ~[org.eclipse.jetty.util_9.4.8.v20171121.jar:9.4.8.v20171121]
	at org.eclipse.jetty.util.IteratingCallback.iterate(IteratingCallback.java:224) ~[org.eclipse.jetty.util_9.4.8.v20171121.jar:9.4.8.v20171121]
	at org.eclipse.jetty.server.HttpConnection.send(HttpConnection.java:528) [org.eclipse.jetty.server_9.4.8.v20171121.jar:9.4.8.v20171121]
	at org.eclipse.jetty.server.HttpChannel.sendResponse(HttpChannel.java:778) ~[org.eclipse.jetty.server_9.4.8.v20171121.jar:9.4.8.v20171121]
	at org.eclipse.jetty.server.HttpChannel.write(HttpChannel.java:834) ~[org.eclipse.jetty.server_9.4.8.v20171121.jar:9.4.8.v20171121]
	at org.eclipse.jetty.server.HttpOutput.write(HttpOutput.java:234) ~[org.eclipse.jetty.server_9.4.8.v20171121.jar:9.4.8.v20171121]
	at org.eclipse.jetty.server.HttpOutput.write(HttpOutput.java:218) ~[org.eclipse.jetty.server_9.4.8.v20171121.jar:9.4.8.v20171121]
	at org.eclipse.jetty.server.HttpOutput.write(HttpOutput.java:509) ~[org.eclipse.jetty.server_9.4.8.v20171121.jar:9.4.8.v20171121]
	at java.io.ByteArrayOutputStream.writeTo(ByteArrayOutputStream.java:167) ~[na:1.8.0_111]
	at org.eclipse.jetty.server.Utf8HttpWriter.write(Utf8HttpWriter.java:183) ~[org.eclipse.jetty.server_9.4.8.v20171121.jar:9.4.8.v20171121]
	at org.eclipse.jetty.server.ResponseWriter.write(ResponseWriter.java:203) ~[org.eclipse.jetty.server_9.4.8.v20171121.jar:9.4.8.v20171121]
	at java.io.PrintWriter.write(PrintWriter.java:426) ~[na:1.8.0_111]
	at org.eclipse.equinox.http.servlet.internal.servlet.HttpServletResponseWrapperImpl$InternalWriter.write(HttpServletResponseWrapperImpl.java:176) ~[na:na]
	at org.apache.jasper.runtime.JspWriterImpl.flushBuffer(JspWriterImpl.java:185) ~[na:na]
	at org.apache.jasper.runtime.JspWriterImpl.write(JspWriterImpl.java:458) ~[na:na]
	at org.apache.jasper.runtime.JspWriterImpl.write(JspWriterImpl.java:471) ~[na:na]
	at org.apache.jsp.advanced.tabs_jsp._jspService(org.apache.jsp.advanced.tabs_jsp:436) ~[na:na]
	... 42 common frames omitted
Caused by: java.io.IOException: An existing connection was forcibly closed by the remote host
	at sun.nio.ch.SocketDispatcher.writev0(Native Method) ~[na:1.8.0_111]
	at sun.nio.ch.SocketDispatcher.writev(SocketDispatcher.java:55) ~[na:1.8.0_111]
	at sun.nio.ch.IOUtil.write(IOUtil.java:148) ~[na:1.8.0_111]
	at sun.nio.ch.SocketChannelImpl.write(SocketChannelImpl.java:504) ~[na:1.8.0_111]
	at org.eclipse.jetty.io.ChannelEndPoint.flush(ChannelEndPoint.java:272) ~[org.eclipse.jetty.io_9.4.8.v20171121.jar:9.4.8.v20171121]
	... 63 common frames omitted
2018-05-23 23:13:03,729 [Stop Help Server] INFO  o.e.jetty.server.AbstractConnector - Stopped ServerConnector@2b7c835d{HTTP/1.1,[http/1.1]}{127.0.0.1:0}
2018-05-23 23:13:03,731 [Stop Help Server] INFO  org.eclipse.jetty.server.session - Stopped scavenging
2018-05-23 23:13:03,767 [Stop Help Server] INFO  o.e.j.server.handler.ContextHandler - Stopped o.e.j.s.ServletContextHandler@2f83de4b{/help,null,UNAVAILABLE}
2018-05-25 17:37:14,029 [Worker-5] INFO  c.g.t.t.d.PublishedGradleVersions - Gradle version information cache is out-of-date. Trying to update.
2018-05-25 22:03:28,307 [Start Help Server] INFO  org.eclipse.jetty.util.log - Logging initialized @16028377ms to org.eclipse.jetty.util.log.Slf4jLog
2018-05-25 22:03:28,524 [Start Help Server] INFO  org.eclipse.jetty.server.Server - jetty-9.4.8.v20171121, build timestamp: 2017-11-21T23:27:37+02:00, git hash: 82b8fb23f757335bb3329d540ce37a2a2615f0a8
2018-05-25 22:03:28,555 [Start Help Server] INFO  org.eclipse.jetty.server.session - DefaultSessionIdManager workerName=node0
2018-05-25 22:03:28,555 [Start Help Server] INFO  org.eclipse.jetty.server.session - No SessionScavenger set, using defaults
2018-05-25 22:03:28,557 [Start Help Server] INFO  org.eclipse.jetty.server.session - Scavenging every 660000ms
2018-05-25 22:03:28,585 [Start Help Server] INFO  o.e.j.server.handler.ContextHandler - Started o.e.j.s.ServletContextHandler@1657038f{/help,null,AVAILABLE}
2018-05-25 22:03:28,623 [Start Help Server] INFO  o.e.jetty.server.AbstractConnector - Started ServerConnector@1c64b440{HTTP/1.1,[http/1.1]}{127.0.0.1:53117}
2018-05-25 22:03:28,624 [Start Help Server] INFO  org.eclipse.jetty.server.Server - Started @16028695ms
2018-05-25 22:30:35,490 [Stop Help Server] INFO  o.e.jetty.server.AbstractConnector - Stopped ServerConnector@1c64b440{HTTP/1.1,[http/1.1]}{127.0.0.1:0}
2018-05-25 22:30:35,492 [Stop Help Server] INFO  org.eclipse.jetty.server.session - Stopped scavenging
2018-05-25 22:30:35,508 [Stop Help Server] INFO  o.e.j.server.handler.ContextHandler - Stopped o.e.j.s.ServletContextHandler@1657038f{/help,null,UNAVAILABLE}
2018-06-01 21:05:52,960 [Worker-1] INFO  c.g.t.t.d.PublishedGradleVersions - Gradle version information cache is out-of-date. Trying to update.
2018-06-03 21:46:19,418 [Worker-6] INFO  c.g.t.t.d.PublishedGradleVersions - Gradle version information cache is out-of-date. Trying to update.
2018-06-28 20:56:36,068 [Worker-3] INFO  c.g.t.t.d.PublishedGradleVersions - Gradle version information cache is up-to-date. Trying to read.
